11/25/2015 12:53:34 AM 8484 Logging started
11/25/2015 12:53:34 AM 8484 Begin Startup
11/25/2015 12:53:34 AM 8484 Chaosauncher 0.5.4.4 on NT 6.1.7601 Service Pack 1 at E:\c350\BWAPI\Chaoslauncher\Chaoslauncher.exe
11/25/2015 12:53:34 AM 8484 Load Settings
11/25/2015 12:53:34 AM 8484 GamePath: E:\StarCraft\
11/25/2015 12:53:34 AM 8484 Load Plugins
11/25/2015 12:53:34 AM 8484 AdvLoaderPluginPath: \Plugins\
11/25/2015 12:53:34 AM 8484 Loading BWL4-Plugin E:\c350\BWAPI\Chaoslauncher\iccscbn.icc
11/25/2015 12:53:34 AM 8484 Plugin loaded ICCup
11/25/2015 12:53:34 AM 8484 Loading BWL4-Plugin E:\c350\BWAPI\Chaoslauncher\Plugins\APMAlert.bwl
11/25/2015 12:53:34 AM 8484 Plugin loaded APMAlert (1.16.1)
11/25/2015 12:53:34 AM 8484 Loading BWL4-Plugin E:\c350\BWAPI\Chaoslauncher\Plugins\BWAPI_PluginInjector.bwl
11/25/2015 12:53:34 AM 8484 Plugin loaded BWAPI 4.1.2 Injector [RELEASE]
11/25/2015 12:53:34 AM 8484 Loading BWL4-Plugin E:\c350\BWAPI\Chaoslauncher\Plugins\BWAPI_PluginInjectord.bwl
11/25/2015 12:53:34 AM 8484 Plugin loaded BWAPI 4.1.2 Injector [DEBUG]
11/25/2015 12:53:34 AM 8484 Loading BWL4-Plugin E:\c350\BWAPI\Chaoslauncher\Plugins\Chaosplugin.bwl
11/25/2015 12:53:34 AM 8484 Plugin loaded Chaosplugin for 1.16.1
11/25/2015 12:53:34 AM 8484 Loading BWL4-Plugin E:\c350\BWAPI\Chaoslauncher\Plugins\LatencyChanger.bwl
11/25/2015 12:53:34 AM 8484 Plugin loaded LatencyChanger for 1.16.1
11/25/2015 12:53:34 AM 8484 Loading BWL4-Plugin E:\c350\BWAPI\Chaoslauncher\Plugins\repfix.bwl
11/25/2015 12:53:34 AM 8484 Plugin loaded RepFix
11/25/2015 12:53:34 AM 8484 Loading BWL4-Plugin E:\c350\BWAPI\Chaoslauncher\Plugins\RWAPlayer.bwl
11/25/2015 12:53:34 AM 8484 Plugin loaded RWAPlayer (1.16.1)
11/25/2015 12:53:34 AM 8484 Loading BWL4-Plugin E:\c350\BWAPI\Chaoslauncher\Plugins\RWARecorder.bwl
11/25/2015 12:53:34 AM 8484 Plugin loaded RWARecorder (1.16.1)
11/25/2015 12:53:34 AM 8484 Loading BWL4-Plugin E:\c350\BWAPI\Chaoslauncher\Plugins\Stormplugin.bwl
11/25/2015 12:53:34 AM 8484 Plugin loaded Stormplugin for 1.16.1
11/25/2015 12:53:34 AM 8484 Loading BWL4-Plugin E:\c350\BWAPI\Chaoslauncher\Plugins\wmode.bwl
11/25/2015 12:53:34 AM 8484 Plugin loaded W-MODE 1.02
11/25/2015 12:53:34 AM 8484 Load Tools
11/25/2015 12:53:34 AM 8484 Init GUI
11/25/2015 12:53:34 AM 8484 Get Starcraftversions
11/25/2015 12:53:34 AM 8484 Init complete
11/25/2015 12:53:34 AM 8484 Run Starcraft on startup
11/25/2015 12:53:34 AM 8484 Start latest Starcraft
11/25/2015 12:53:34 AM 8484 Starting Game Starcraft 1.16.1 E:\StarCraft\StarCraft.exe
11/25/2015 12:53:34 AM 8484 BWAPI 4.1.2 Injector [RELEASE] Version  Compatible
11/25/2015 12:53:34 AM 8484 LatencyChanger for 1.16.1 Version 0.2.3 Compatible
11/25/2015 12:53:34 AM 8484 W-MODE 1.02 Version 1.0.2 Compatible
11/25/2015 12:53:34 AM 8484 Could not obtain SeDebugPrivilege Not all privileges or groups referenced are assigned to the caller.
(1300)
11/25/2015 12:53:34 AM 8484 CreateProcess
11/25/2015 12:53:34 AM 8484 Call ScSuspended for all active Plugins
11/25/2015 12:53:34 AM 8484 ApplyPatchSuspended for BWAPI 4.1.2 Injector [RELEASE]
11/25/2015 12:53:34 AM 8484 ApplyPatchSuspended for LatencyChanger for 1.16.1
11/25/2015 12:53:34 AM 8484 ApplyPatchSuspended for W-MODE 1.02
11/25/2015 12:53:34 AM 8484 ResumeThread
11/25/2015 12:53:34 AM 8484 WaitForInputIdle
11/25/2015 12:53:35 AM 8484 Call ScWindowCreated for all active Plugins
11/25/2015 12:53:35 AM 8484 ApplyPatch for BWAPI 4.1.2 Injector [RELEASE]
11/25/2015 12:53:35 AM 8484 ApplyPatch for LatencyChanger for 1.16.1
11/25/2015 12:53:35 AM 8484 ApplyPatch for W-MODE 1.02
11/25/2015 12:53:35 AM 8484 Starting Starcraft completed
11/25/2015 12:54:42 AM 8484 Startbutton
11/25/2015 12:54:42 AM 8484 Starting Game Starcraft 1.16.1 E:\StarCraft\StarCraft.exe
11/25/2015 12:54:42 AM 8484 BWAPI 4.1.2 Injector [RELEASE] Version  Compatible
11/25/2015 12:54:42 AM 8484 LatencyChanger for 1.16.1 Version 0.2.3 Compatible
11/25/2015 12:54:42 AM 8484 W-MODE 1.02 Version 1.0.2 Compatible
11/25/2015 12:54:42 AM 8484 Could not obtain SeDebugPrivilege Not all privileges or groups referenced are assigned to the caller.
(1300)
11/25/2015 12:54:42 AM 8484 CreateProcess
11/25/2015 12:54:42 AM 8484 Call ScSuspended for all active Plugins
11/25/2015 12:54:42 AM 8484 ApplyPatchSuspended for BWAPI 4.1.2 Injector [RELEASE]
11/25/2015 12:54:42 AM 8484 ApplyPatchSuspended for LatencyChanger for 1.16.1
11/25/2015 12:54:42 AM 8484 ApplyPatchSuspended for W-MODE 1.02
11/25/2015 12:54:42 AM 8484 ResumeThread
11/25/2015 12:54:42 AM 8484 WaitForInputIdle
11/25/2015 12:54:42 AM 8484 Call ScWindowCreated for all active Plugins
11/25/2015 12:54:42 AM 8484 ApplyPatch for BWAPI 4.1.2 Injector [RELEASE]
11/25/2015 12:54:42 AM 8484 ApplyPatch for LatencyChanger for 1.16.1
11/25/2015 12:54:42 AM 8484 ApplyPatch for W-MODE 1.02
11/25/2015 12:54:42 AM 8484 Starting Starcraft completed
11/25/2015 12:54:55 AM 8484 Startbutton
11/25/2015 12:54:55 AM 8484 Starting Game Starcraft 1.16.1 E:\StarCraft\StarCraft.exe
11/25/2015 12:54:55 AM 8484 BWAPI 4.1.2 Injector [RELEASE] Version  Compatible
11/25/2015 12:54:55 AM 8484 LatencyChanger for 1.16.1 Version 0.2.3 Compatible
11/25/2015 12:54:55 AM 8484 W-MODE 1.02 Version 1.0.2 Compatible
11/25/2015 12:54:55 AM 8484 Could not obtain SeDebugPrivilege Not all privileges or groups referenced are assigned to the caller.
(1300)
11/25/2015 12:54:55 AM 8484 CreateProcess
11/25/2015 12:54:55 AM 8484 Call ScSuspended for all active Plugins
11/25/2015 12:54:55 AM 8484 ApplyPatchSuspended for BWAPI 4.1.2 Injector [RELEASE]
11/25/2015 12:54:55 AM 8484 ApplyPatchSuspended for LatencyChanger for 1.16.1
11/25/2015 12:54:55 AM 8484 ApplyPatchSuspended for W-MODE 1.02
11/25/2015 12:54:55 AM 8484 ResumeThread
11/25/2015 12:54:55 AM 8484 WaitForInputIdle
11/25/2015 12:54:55 AM 8484 Call ScWindowCreated for all active Plugins
11/25/2015 12:54:55 AM 8484 ApplyPatch for BWAPI 4.1.2 Injector [RELEASE]
11/25/2015 12:54:55 AM 8484 ApplyPatch for LatencyChanger for 1.16.1
11/25/2015 12:54:55 AM 8484 ApplyPatch for W-MODE 1.02
11/25/2015 12:54:55 AM 8484 Starting Starcraft completed
11/25/2015 12:56:26 AM 8484 Startbutton
11/25/2015 12:56:26 AM 8484 Starting Game Starcraft 1.16.1 E:\StarCraft\StarCraft.exe
11/25/2015 12:56:26 AM 8484 BWAPI 4.1.2 Injector [RELEASE] Version  Compatible
11/25/2015 12:56:26 AM 8484 LatencyChanger for 1.16.1 Version 0.2.3 Compatible
11/25/2015 12:56:26 AM 8484 W-MODE 1.02 Version 1.0.2 Compatible
11/25/2015 12:56:26 AM 8484 Could not obtain SeDebugPrivilege Not all privileges or groups referenced are assigned to the caller.
(1300)
11/25/2015 12:56:26 AM 8484 CreateProcess
11/25/2015 12:56:26 AM 8484 Call ScSuspended for all active Plugins
11/25/2015 12:56:26 AM 8484 ApplyPatchSuspended for BWAPI 4.1.2 Injector [RELEASE]
11/25/2015 12:56:26 AM 8484 ApplyPatchSuspended for LatencyChanger for 1.16.1
11/25/2015 12:56:26 AM 8484 ApplyPatchSuspended for W-MODE 1.02
11/25/2015 12:56:26 AM 8484 ResumeThread
11/25/2015 12:56:26 AM 8484 WaitForInputIdle
11/25/2015 12:56:26 AM 8484 Call ScWindowCreated for all active Plugins
11/25/2015 12:56:26 AM 8484 ApplyPatch for BWAPI 4.1.2 Injector [RELEASE]
11/25/2015 12:56:26 AM 8484 ApplyPatch for LatencyChanger for 1.16.1
11/25/2015 12:56:26 AM 8484 ApplyPatch for W-MODE 1.02
11/25/2015 12:56:26 AM 8484 Starting Starcraft completed
11/25/2015 12:56:42 AM 8484 Startbutton
11/25/2015 12:56:42 AM 8484 Starting Game Starcraft 1.16.1 E:\StarCraft\StarCraft.exe
11/25/2015 12:56:42 AM 8484 BWAPI 4.1.2 Injector [RELEASE] Version  Compatible
11/25/2015 12:56:42 AM 8484 LatencyChanger for 1.16.1 Version 0.2.3 Compatible
11/25/2015 12:56:42 AM 8484 W-MODE 1.02 Version 1.0.2 Compatible
11/25/2015 12:56:42 AM 8484 Could not obtain SeDebugPrivilege Not all privileges or groups referenced are assigned to the caller.
(1300)
11/25/2015 12:56:42 AM 8484 CreateProcess
11/25/2015 12:56:42 AM 8484 Call ScSuspended for all active Plugins
11/25/2015 12:56:42 AM 8484 ApplyPatchSuspended for BWAPI 4.1.2 Injector [RELEASE]
11/25/2015 12:56:42 AM 8484 ApplyPatchSuspended for LatencyChanger for 1.16.1
11/25/2015 12:56:42 AM 8484 ApplyPatchSuspended for W-MODE 1.02
11/25/2015 12:56:42 AM 8484 ResumeThread
11/25/2015 12:56:42 AM 8484 WaitForInputIdle
11/25/2015 12:56:42 AM 8484 Call ScWindowCreated for all active Plugins
11/25/2015 12:56:42 AM 8484 ApplyPatch for BWAPI 4.1.2 Injector [RELEASE]
11/25/2015 12:56:42 AM 8484 ApplyPatch for LatencyChanger for 1.16.1
11/25/2015 12:56:42 AM 8484 ApplyPatch for W-MODE 1.02
11/25/2015 12:56:42 AM 8484 Starting Starcraft completed
11/25/2015 12:56:48 AM 8484 Start latest Starcraft
11/25/2015 12:56:48 AM 8484 Exception at: Global ExceptionHandler class: Exception msg: Starcraft is already running
11/25/2015 12:57:10 AM 8484 Get Starcraftversions
11/25/2015 12:57:14 AM 8484 Startbutton
11/25/2015 12:57:14 AM 8484 Starting Game Starcraft 1.16.1 E:\StarCraft\StarCraft.exe
11/25/2015 12:57:14 AM 8484 BWAPI 4.1.2 Injector [RELEASE] Version  Compatible
11/25/2015 12:57:14 AM 8484 LatencyChanger for 1.16.1 Version 0.2.3 Compatible
11/25/2015 12:57:14 AM 8484 W-MODE 1.02 Version 1.0.2 Compatible
11/25/2015 12:57:14 AM 8484 Could not obtain SeDebugPrivilege Not all privileges or groups referenced are assigned to the caller.
(1300)
11/25/2015 12:57:14 AM 8484 CreateProcess
11/25/2015 12:57:14 AM 8484 Call ScSuspended for all active Plugins
11/25/2015 12:57:14 AM 8484 ApplyPatchSuspended for BWAPI 4.1.2 Injector [RELEASE]
11/25/2015 12:57:14 AM 8484 ApplyPatchSuspended for LatencyChanger for 1.16.1
11/25/2015 12:57:14 AM 8484 ApplyPatchSuspended for W-MODE 1.02
11/25/2015 12:57:14 AM 8484 ResumeThread
11/25/2015 12:57:14 AM 8484 WaitForInputIdle
11/25/2015 12:57:14 AM 8484 Call ScWindowCreated for all active Plugins
11/25/2015 12:57:14 AM 8484 ApplyPatch for BWAPI 4.1.2 Injector [RELEASE]
11/25/2015 12:57:14 AM 8484 ApplyPatch for LatencyChanger for 1.16.1
11/25/2015 12:57:14 AM 8484 ApplyPatch for W-MODE 1.02
11/25/2015 12:57:14 AM 8484 Starting Starcraft completed
11/25/2015 12:57:15 AM 8484 Startbutton
11/25/2015 12:57:15 AM 8484 Exception at: Global ExceptionHandler class: Exception msg: Starcraft is already running
11/25/2015 12:57:23 AM 8484 Startbutton
11/25/2015 12:57:23 AM 8484 Exception at: Global ExceptionHandler class: Exception msg: Starcraft is already running
11/25/2015 12:57:53 AM 8484 Startbutton
11/25/2015 12:57:53 AM 8484 Exception at: Global ExceptionHandler class: Exception msg: Starcraft is already running
11/25/2015 12:58:25 AM 8484 Startbutton
11/25/2015 12:58:25 AM 8484 Exception at: Global ExceptionHandler class: Exception msg: Starcraft is already running
11/25/2015 12:58:39 AM 8484 Startbutton
11/25/2015 12:58:39 AM 8484 Exception at: Global ExceptionHandler class: Exception msg: Starcraft is already running
11/25/2015 12:58:52 AM 8484 Startbutton
11/25/2015 12:58:52 AM 8484 Exception at: Global ExceptionHandler class: Exception msg: Starcraft is already running
11/25/2015 12:59:00 AM 8484 Finishing
11/25/2015 12:59:00 AM 8484 Unloading Plugin ICCup
11/25/2015 12:59:00 AM 8484 Unloading Plugin APMAlert (1.16.1)
11/25/2015 12:59:00 AM 8484 Unloading Plugin BWAPI 4.1.2 Injector [RELEASE]
11/25/2015 12:59:00 AM 8484 Unloading Plugin BWAPI 4.1.2 Injector [DEBUG]
11/25/2015 12:59:00 AM 8484 Unloading Plugin Chaosplugin for 1.16.1
11/25/2015 12:59:00 AM 8484 Unloading Plugin LatencyChanger for 1.16.1
11/25/2015 12:59:00 AM 8484 Unloading Plugin RepFix
11/25/2015 12:59:00 AM 8484 Unloading Plugin RWAPlayer (1.16.1)
11/25/2015 12:59:00 AM 8484 Unloading Plugin RWARecorder (1.16.1)
11/25/2015 12:59:00 AM 8484 Unloading Plugin Stormplugin for 1.16.1
11/25/2015 12:59:00 AM 8484 Unloading Plugin W-MODE 1.02
11/25/2015 12:59:00 AM 8484 Logging ended
