11/21/2015 8:18:44 PM 2376 Logging started
11/21/2015 8:18:44 PM 2840 Unloading Plugin APMAlert (1.16.1)
11/21/2015 8:18:44 PM 2840 Unloading Plugin BWAPI 4.1.2 Injector [RELEASE]
11/21/2015 8:18:44 PM 2840 Unloading Plugin BWAPI 4.1.2 Injector [DEBUG]
11/21/2015 8:18:44 PM 2840 Unloading Plugin Chaosplugin for 1.16.1
11/21/2015 8:18:44 PM 2840 Unloading Plugin LatencyChanger for 1.16.1
11/21/2015 8:18:44 PM 2840 Unloading Plugin RepFix
11/21/2015 8:18:44 PM 2840 Unloading Plugin RWAPlayer (1.16.1)
11/21/2015 8:18:44 PM 2840 Unloading Plugin RWARecorder (1.16.1)
11/21/2015 8:18:44 PM 2840 Unloading Plugin Stormplugin for 1.16.1
11/21/2015 8:18:44 PM 2840 Unloading Plugin W-MODE 1.02
11/21/2015 8:18:44 PM 2376 Begin Startup
11/21/2015 8:18:44 PM 2840 Logging ended
11/21/2015 8:18:44 PM 2376 Chaosauncher 0.5.4.1 on NT 6.1.7601 Service Pack 1 at E:\c350\BWAPI\Chaoslauncher\Chaoslauncher - MultiInstance.exe
11/21/2015 8:18:44 PM 2376 Load Settings
11/21/2015 8:18:44 PM 2376 GamePath: E:\StarCraft\
11/21/2015 8:18:44 PM 2376 Load Plugins
11/21/2015 8:18:44 PM 2376 Loading BWL4-Plugin E:\c350\BWAPI\Chaoslauncher\iccscbn.icc
11/21/2015 8:18:44 PM 2376 Plugin loaded ICCup
11/21/2015 8:18:44 PM 2376 Loading BWL4-Plugin E:\c350\BWAPI\Chaoslauncher\Plugins\APMAlert.bwl
11/21/2015 8:18:44 PM 2376 Plugin loaded APMAlert (1.16.1)
11/21/2015 8:18:44 PM 2376 Loading BWL4-Plugin E:\c350\BWAPI\Chaoslauncher\Plugins\BWAPI_PluginInjector.bwl
11/21/2015 8:18:44 PM 2376 Plugin loaded BWAPI 4.1.2 Injector [RELEASE]
11/21/2015 8:18:44 PM 2376 Loading BWL4-Plugin E:\c350\BWAPI\Chaoslauncher\Plugins\BWAPI_PluginInjectord.bwl
11/21/2015 8:18:44 PM 2376 Plugin loaded BWAPI 4.1.2 Injector [DEBUG]
11/21/2015 8:18:44 PM 2376 Loading BWL4-Plugin E:\c350\BWAPI\Chaoslauncher\Plugins\Chaosplugin.bwl
11/21/2015 8:18:44 PM 2376 Plugin loaded Chaosplugin for 1.16.1
11/21/2015 8:18:44 PM 2376 Loading BWL4-Plugin E:\c350\BWAPI\Chaoslauncher\Plugins\LatencyChanger.bwl
11/21/2015 8:18:44 PM 2376 Plugin loaded LatencyChanger for 1.16.1
11/21/2015 8:18:44 PM 2376 Loading BWL4-Plugin E:\c350\BWAPI\Chaoslauncher\Plugins\repfix.bwl
11/21/2015 8:18:44 PM 2376 Plugin loaded RepFix
11/21/2015 8:18:44 PM 2376 Loading BWL4-Plugin E:\c350\BWAPI\Chaoslauncher\Plugins\RWAPlayer.bwl
11/21/2015 8:18:44 PM 2376 Plugin loaded RWAPlayer (1.16.1)
11/21/2015 8:18:44 PM 2376 Loading BWL4-Plugin E:\c350\BWAPI\Chaoslauncher\Plugins\RWARecorder.bwl
11/21/2015 8:18:44 PM 2376 Plugin loaded RWARecorder (1.16.1)
11/21/2015 8:18:44 PM 2376 Loading BWL4-Plugin E:\c350\BWAPI\Chaoslauncher\Plugins\Stormplugin.bwl
11/21/2015 8:18:44 PM 2376 Plugin loaded Stormplugin for 1.16.1
11/21/2015 8:18:44 PM 2376 Loading BWL4-Plugin E:\c350\BWAPI\Chaoslauncher\Plugins\wmode.bwl
11/21/2015 8:18:44 PM 2376 Plugin loaded W-MODE 1.02
11/21/2015 8:18:44 PM 2376 Load Tools
11/21/2015 8:18:44 PM 2376 Init GUI
11/21/2015 8:18:44 PM 2376 Get Starcraftversions
11/21/2015 8:18:44 PM 2376 Init complete
11/21/2015 8:18:55 PM 2376 Startbutton
11/21/2015 8:18:55 PM 2376 Starting Game Starcraft 1.16.1 E:\StarCraft\StarCraft.exe
11/21/2015 8:18:55 PM 2376 BWAPI 4.1.2 Injector [DEBUG] Version  Compatible
11/21/2015 8:18:55 PM 2376 W-MODE 1.02 Version 1.0.2 Compatible
11/21/2015 8:18:55 PM 2376 Could not obtain SeDebugPrivilege Not all privileges or groups referenced are assigned to the caller.
(1300)
11/21/2015 8:18:56 PM 2376 CreateProcess
11/21/2015 8:18:56 PM 2376 Call ScSuspended for all active Plugins
11/21/2015 8:18:56 PM 2376 ApplyPatchSuspended for BWAPI 4.1.2 Injector [DEBUG]
11/21/2015 8:18:59 PM 2376 ApplyPatchSuspended for W-MODE 1.02
11/21/2015 8:18:59 PM 2376 ResumeThread
11/21/2015 8:18:59 PM 2376 WaitForInputIdle
11/21/2015 8:19:00 PM 2376 Call ScWindowCreated for all active Plugins
11/21/2015 8:19:00 PM 2376 ApplyPatch for BWAPI 4.1.2 Injector [DEBUG]
11/21/2015 8:19:00 PM 2376 ApplyPatch for W-MODE 1.02
11/21/2015 8:19:00 PM 2376 Starting Starcraft completed
11/21/2015 8:19:49 PM 2376 Startbutton
11/21/2015 8:19:49 PM 2376 Starting Game Starcraft 1.16.1 E:\StarCraft\StarCraft.exe
11/21/2015 8:19:49 PM 2376 W-MODE 1.02 Version 1.0.2 Compatible
11/21/2015 8:19:49 PM 2376 Could not obtain SeDebugPrivilege Not all privileges or groups referenced are assigned to the caller.
(1300)
11/21/2015 8:19:50 PM 2376 CreateProcess
11/21/2015 8:19:50 PM 2376 Call ScSuspended for all active Plugins
11/21/2015 8:19:50 PM 2376 ApplyPatchSuspended for W-MODE 1.02
11/21/2015 8:19:50 PM 2376 ResumeThread
11/21/2015 8:19:50 PM 2376 WaitForInputIdle
11/21/2015 8:19:50 PM 2376 Call ScWindowCreated for all active Plugins
11/21/2015 8:19:50 PM 2376 ApplyPatch for W-MODE 1.02
11/21/2015 8:19:50 PM 2376 Starting Starcraft completed
11/21/2015 8:21:46 PM 2376 Startbutton
11/21/2015 8:21:46 PM 2376 Starting Game Starcraft 1.16.1 E:\StarCraft\StarCraft.exe
11/21/2015 8:21:46 PM 2376 BWAPI 4.1.2 Injector [DEBUG] Version  Compatible
11/21/2015 8:21:46 PM 2376 W-MODE 1.02 Version 1.0.2 Compatible
11/21/2015 8:21:46 PM 2376 Could not obtain SeDebugPrivilege Not all privileges or groups referenced are assigned to the caller.
(1300)
11/21/2015 8:21:47 PM 2376 CreateProcess
11/21/2015 8:21:47 PM 2376 Call ScSuspended for all active Plugins
11/21/2015 8:21:47 PM 2376 ApplyPatchSuspended for BWAPI 4.1.2 Injector [DEBUG]
11/21/2015 8:21:47 PM 2376 ApplyPatchSuspended for W-MODE 1.02
11/21/2015 8:21:47 PM 2376 ResumeThread
11/21/2015 8:21:47 PM 2376 WaitForInputIdle
11/21/2015 8:21:47 PM 2376 Call ScWindowCreated for all active Plugins
11/21/2015 8:21:47 PM 2376 ApplyPatch for BWAPI 4.1.2 Injector [DEBUG]
11/21/2015 8:21:47 PM 2376 ApplyPatch for W-MODE 1.02
11/21/2015 8:21:47 PM 2376 Starting Starcraft completed
11/21/2015 8:22:34 PM 2376 Startbutton
11/21/2015 8:22:34 PM 2376 Starting Game Starcraft 1.16.1 E:\StarCraft\StarCraft.exe
11/21/2015 8:22:34 PM 2376 BWAPI 4.1.2 Injector [DEBUG] Version  Compatible
11/21/2015 8:22:34 PM 2376 W-MODE 1.02 Version 1.0.2 Compatible
11/21/2015 8:22:34 PM 2376 Could not obtain SeDebugPrivilege Not all privileges or groups referenced are assigned to the caller.
(1300)
11/21/2015 8:22:34 PM 2376 CreateProcess
11/21/2015 8:22:34 PM 2376 Call ScSuspended for all active Plugins
11/21/2015 8:22:34 PM 2376 ApplyPatchSuspended for BWAPI 4.1.2 Injector [DEBUG]
11/21/2015 8:22:35 PM 2376 ApplyPatchSuspended for W-MODE 1.02
11/21/2015 8:22:35 PM 2376 ResumeThread
11/21/2015 8:22:35 PM 2376 WaitForInputIdle
11/21/2015 8:22:35 PM 2376 Call ScWindowCreated for all active Plugins
11/21/2015 8:22:35 PM 2376 ApplyPatch for BWAPI 4.1.2 Injector [DEBUG]
11/21/2015 8:22:35 PM 2376 ApplyPatch for W-MODE 1.02
11/21/2015 8:22:35 PM 2376 Starting Starcraft completed
11/21/2015 8:24:56 PM 2376 Startbutton
11/21/2015 8:24:56 PM 2376 Starting Game Starcraft 1.16.1 E:\StarCraft\StarCraft.exe
11/21/2015 8:24:56 PM 2376 BWAPI 4.1.2 Injector [RELEASE] Version  Compatible
11/21/2015 8:24:56 PM 2376 W-MODE 1.02 Version 1.0.2 Compatible
11/21/2015 8:24:56 PM 2376 Could not obtain SeDebugPrivilege Not all privileges or groups referenced are assigned to the caller.
(1300)
11/21/2015 8:24:57 PM 2376 CreateProcess
11/21/2015 8:24:57 PM 2376 Call ScSuspended for all active Plugins
11/21/2015 8:24:57 PM 2376 ApplyPatchSuspended for BWAPI 4.1.2 Injector [RELEASE]
11/21/2015 8:24:57 PM 2376 ApplyPatchSuspended for W-MODE 1.02
11/21/2015 8:24:57 PM 2376 ResumeThread
11/21/2015 8:24:57 PM 2376 WaitForInputIdle
11/21/2015 8:24:57 PM 2376 Call ScWindowCreated for all active Plugins
11/21/2015 8:24:57 PM 2376 ApplyPatch for BWAPI 4.1.2 Injector [RELEASE]
11/21/2015 8:24:57 PM 2376 ApplyPatch for W-MODE 1.02
11/21/2015 8:24:57 PM 2376 Starting Starcraft completed
11/21/2015 8:25:44 PM 2376 Startbutton
11/21/2015 8:25:44 PM 2376 Starting Game Starcraft 1.16.1 E:\StarCraft\StarCraft.exe
11/21/2015 8:25:44 PM 2376 BWAPI 4.1.2 Injector [RELEASE] Version  Compatible
11/21/2015 8:25:44 PM 2376 W-MODE 1.02 Version 1.0.2 Compatible
11/21/2015 8:25:44 PM 2376 Could not obtain SeDebugPrivilege Not all privileges or groups referenced are assigned to the caller.
(1300)
11/21/2015 8:25:45 PM 2376 CreateProcess
11/21/2015 8:25:45 PM 2376 Call ScSuspended for all active Plugins
11/21/2015 8:25:45 PM 2376 ApplyPatchSuspended for BWAPI 4.1.2 Injector [RELEASE]
11/21/2015 8:25:45 PM 2376 ApplyPatchSuspended for W-MODE 1.02
11/21/2015 8:25:45 PM 2376 ResumeThread
11/21/2015 8:25:45 PM 2376 WaitForInputIdle
11/21/2015 8:25:45 PM 2376 Call ScWindowCreated for all active Plugins
11/21/2015 8:25:45 PM 2376 ApplyPatch for BWAPI 4.1.2 Injector [RELEASE]
11/21/2015 8:25:45 PM 2376 ApplyPatch for W-MODE 1.02
11/21/2015 8:25:45 PM 2376 Starting Starcraft completed
11/21/2015 8:28:56 PM 2376 Startbutton
11/21/2015 8:28:56 PM 2376 Starting Game Starcraft 1.16.1 E:\StarCraft\StarCraft.exe
11/21/2015 8:28:56 PM 2376 BWAPI 4.1.2 Injector [DEBUG] Version  Compatible
11/21/2015 8:28:56 PM 2376 W-MODE 1.02 Version 1.0.2 Compatible
11/21/2015 8:28:56 PM 2376 Could not obtain SeDebugPrivilege Not all privileges or groups referenced are assigned to the caller.
(1300)
11/21/2015 8:28:57 PM 2376 CreateProcess
11/21/2015 8:28:57 PM 2376 Call ScSuspended for all active Plugins
11/21/2015 8:28:57 PM 2376 ApplyPatchSuspended for BWAPI 4.1.2 Injector [DEBUG]
11/21/2015 8:28:57 PM 2376 ApplyPatchSuspended for W-MODE 1.02
11/21/2015 8:28:57 PM 2376 ResumeThread
11/21/2015 8:28:57 PM 2376 WaitForInputIdle
11/21/2015 8:28:57 PM 2376 Call ScWindowCreated for all active Plugins
11/21/2015 8:28:57 PM 2376 ApplyPatch for BWAPI 4.1.2 Injector [DEBUG]
11/21/2015 8:28:57 PM 2376 ApplyPatch for W-MODE 1.02
11/21/2015 8:28:57 PM 2376 Starting Starcraft completed
11/21/2015 8:40:51 PM 2376 Startbutton
11/21/2015 8:40:51 PM 2376 Starting Game Starcraft 1.16.1 E:\StarCraft\StarCraft.exe
11/21/2015 8:40:51 PM 2376 BWAPI 4.1.2 Injector [DEBUG] Version  Compatible
11/21/2015 8:40:51 PM 2376 W-MODE 1.02 Version 1.0.2 Compatible
11/21/2015 8:40:51 PM 2376 Could not obtain SeDebugPrivilege Not all privileges or groups referenced are assigned to the caller.
(1300)
11/21/2015 8:40:51 PM 2376 CreateProcess
11/21/2015 8:40:51 PM 2376 Call ScSuspended for all active Plugins
11/21/2015 8:40:51 PM 2376 ApplyPatchSuspended for BWAPI 4.1.2 Injector [DEBUG]
11/21/2015 8:40:52 PM 2376 ApplyPatchSuspended for W-MODE 1.02
11/21/2015 8:40:52 PM 2376 ResumeThread
11/21/2015 8:40:52 PM 2376 WaitForInputIdle
11/21/2015 8:40:52 PM 2376 Call ScWindowCreated for all active Plugins
11/21/2015 8:40:52 PM 2376 ApplyPatch for BWAPI 4.1.2 Injector [DEBUG]
11/21/2015 8:40:52 PM 2376 ApplyPatch for W-MODE 1.02
11/21/2015 8:40:52 PM 2376 Starting Starcraft completed
11/21/2015 8:52:50 PM 2376 Startbutton
11/21/2015 8:52:50 PM 2376 Starting Game Starcraft 1.16.1 E:\StarCraft\StarCraft.exe
11/21/2015 8:52:50 PM 2376 BWAPI 4.1.2 Injector [RELEASE] Version  Compatible
11/21/2015 8:52:50 PM 2376 W-MODE 1.02 Version 1.0.2 Compatible
11/21/2015 8:52:50 PM 2376 Could not obtain SeDebugPrivilege Not all privileges or groups referenced are assigned to the caller.
(1300)
11/21/2015 8:52:51 PM 2376 CreateProcess
11/21/2015 8:52:51 PM 2376 Call ScSuspended for all active Plugins
11/21/2015 8:52:51 PM 2376 ApplyPatchSuspended for BWAPI 4.1.2 Injector [RELEASE]
11/21/2015 8:52:51 PM 2376 ApplyPatchSuspended for W-MODE 1.02
11/21/2015 8:52:51 PM 2376 ResumeThread
11/21/2015 8:52:51 PM 2376 WaitForInputIdle
11/21/2015 8:52:51 PM 2376 Call ScWindowCreated for all active Plugins
11/21/2015 8:52:51 PM 2376 ApplyPatch for BWAPI 4.1.2 Injector [RELEASE]
11/21/2015 8:52:51 PM 2376 ApplyPatch for W-MODE 1.02
11/21/2015 8:52:51 PM 2376 Starting Starcraft completed
11/21/2015 8:53:01 PM 2376 Startbutton
11/21/2015 8:53:01 PM 2376 Starting Game Starcraft 1.16.1 E:\StarCraft\StarCraft.exe
11/21/2015 8:53:01 PM 2376 BWAPI 4.1.2 Injector [RELEASE] Version  Compatible
11/21/2015 8:53:02 PM 2376 W-MODE 1.02 Version 1.0.2 Compatible
11/21/2015 8:53:02 PM 2376 Could not obtain SeDebugPrivilege Not all privileges or groups referenced are assigned to the caller.
(1300)
11/21/2015 8:53:02 PM 2376 CreateProcess
11/21/2015 8:53:02 PM 2376 Call ScSuspended for all active Plugins
11/21/2015 8:53:02 PM 2376 ApplyPatchSuspended for BWAPI 4.1.2 Injector [RELEASE]
11/21/2015 8:53:02 PM 2376 ApplyPatchSuspended for W-MODE 1.02
11/21/2015 8:53:02 PM 2376 ResumeThread
11/21/2015 8:53:02 PM 2376 WaitForInputIdle
11/21/2015 8:53:02 PM 2376 Call ScWindowCreated for all active Plugins
11/21/2015 8:53:02 PM 2376 ApplyPatch for BWAPI 4.1.2 Injector [RELEASE]
11/21/2015 8:53:02 PM 2376 ApplyPatch for W-MODE 1.02
11/21/2015 8:53:02 PM 2376 Starting Starcraft completed
11/21/2015 8:53:03 PM 2376 Startbutton
11/21/2015 8:53:03 PM 2376 Starting Game Starcraft 1.16.1 E:\StarCraft\StarCraft.exe
11/21/2015 8:53:03 PM 2376 BWAPI 4.1.2 Injector [RELEASE] Version  Compatible
11/21/2015 8:53:03 PM 2376 W-MODE 1.02 Version 1.0.2 Compatible
11/21/2015 8:53:03 PM 2376 Could not obtain SeDebugPrivilege Not all privileges or groups referenced are assigned to the caller.
(1300)
11/21/2015 8:53:04 PM 2376 CreateProcess
11/21/2015 8:53:04 PM 2376 Call ScSuspended for all active Plugins
11/21/2015 8:53:04 PM 2376 ApplyPatchSuspended for BWAPI 4.1.2 Injector [RELEASE]
11/21/2015 8:53:05 PM 2376 ApplyPatchSuspended for W-MODE 1.02
11/21/2015 8:53:05 PM 2376 ResumeThread
11/21/2015 8:53:05 PM 2376 WaitForInputIdle
11/21/2015 8:53:05 PM 2376 Call ScWindowCreated for all active Plugins
11/21/2015 8:53:05 PM 2376 ApplyPatch for BWAPI 4.1.2 Injector [RELEASE]
11/21/2015 8:53:05 PM 2376 ApplyPatch for W-MODE 1.02
11/21/2015 8:53:05 PM 2376 Starting Starcraft completed
11/21/2015 8:53:06 PM 2376 Startbutton
11/21/2015 8:53:06 PM 2376 Starting Game Starcraft 1.16.1 E:\StarCraft\StarCraft.exe
11/21/2015 8:53:06 PM 2376 BWAPI 4.1.2 Injector [RELEASE] Version  Compatible
11/21/2015 8:53:06 PM 2376 W-MODE 1.02 Version 1.0.2 Compatible
11/21/2015 8:53:06 PM 2376 Could not obtain SeDebugPrivilege Not all privileges or groups referenced are assigned to the caller.
(1300)
11/21/2015 8:53:06 PM 2376 CreateProcess
11/21/2015 8:53:06 PM 2376 Call ScSuspended for all active Plugins
11/21/2015 8:53:06 PM 2376 ApplyPatchSuspended for BWAPI 4.1.2 Injector [RELEASE]
11/21/2015 8:53:06 PM 2376 ApplyPatchSuspended for W-MODE 1.02
11/21/2015 8:53:06 PM 2376 ResumeThread
11/21/2015 8:53:06 PM 2376 WaitForInputIdle
11/21/2015 8:53:06 PM 2376 Call ScWindowCreated for all active Plugins
11/21/2015 8:53:06 PM 2376 ApplyPatch for BWAPI 4.1.2 Injector [RELEASE]
11/21/2015 8:53:06 PM 2376 ApplyPatch for W-MODE 1.02
11/21/2015 8:53:06 PM 2376 Starting Starcraft completed
